<?xml version="1.0" encoding="UTF-8"?>
<!-- Generated by org.testng.reporters.JUnitReportReporter -->
<testsuite skipped="0" hostname="KeshavDWin8" name="runner.MainRunner" tests="1" failures="0" timestamp="16 Feb 2018 11:32:03 GMT" time="14.611" errors="0">
  <testcase name="runScenario" time="14.611" classname="runner.MainRunner"/>
</testsuite> <!-- runner.MainRunner -->
