<?xml version="1.0" encoding="UTF-8"?>
<!-- Generated by org.testng.reporters.JUnitReportReporter -->
<testsuite name="testpackage.NGwebdriverTest" tests="1" time="6.212" ignored="0" failures="0" timestamp="02 Jan 2018 07:58:13 GMT" skipped="0" hostname="KESHAVDWIVEDIWIN10" errors="0">
  <testcase name="loginTest" time="6.212" classname="testpackage.NGwebdriverTest"/>
</testsuite> <!-- testpackage.NGwebdriverTest -->
